10:05:35.486 [main] INFO  c.a.a.AgricultureApplication[logStartupProfileInfo] - The following profiles are active: dev
10:05:38.431 [main] INFO  c.a.a.config.DataBaseConfiguration[dataSource] - .............初始化 aosica-agriculture 数据..................
10:05:38.501 [main] INFO  c.a.a.config.DataBaseConfiguration[dataSource] - ............数据 aosica-agriculture 连接成功..................
10:05:39.773 [main] INFO  c.a.a.config.MybatisConfiguration[pageHelper] - ************ init MyBatis pageHelper  *********** 
10:05:43.396 [main] INFO  c.a.a.AgricultureApplication[logStarted] - Started AgricultureApplication in 10.2 seconds (JVM running for 10.805)
10:18:03.709 [main] INFO  c.a.a.AgricultureApplication[logStartupProfileInfo] - The following profiles are active: dev
10:18:05.859 [main] INFO  c.a.a.config.DataBaseConfiguration[dataSource] - .............初始化 aosica-agriculture 数据..................
10:18:05.896 [main] INFO  c.a.a.config.DataBaseConfiguration[dataSource] - ............数据 aosica-agriculture 连接成功..................
10:18:06.972 [main] INFO  c.a.a.config.MybatisConfiguration[pageHelper] - ************ init MyBatis pageHelper  *********** 
10:18:10.461 [main] INFO  c.a.a.AgricultureApplication[logStarted] - Started AgricultureApplication in 8.808 seconds (JVM running for 9.315)
10:21:54.163 [main] INFO  c.a.a.AgricultureApplication[logStartupProfileInfo] - The following profiles are active: dev
10:21:55.812 [main] INFO  c.a.a.config.DataBaseConfiguration[dataSource] - .............初始化 aosica-agriculture 数据..................
10:21:55.836 [main] INFO  c.a.a.config.DataBaseConfiguration[dataSource] - ............数据 aosica-agriculture 连接成功..................
10:21:56.888 [main] INFO  c.a.a.config.MybatisConfiguration[pageHelper] - ************ init MyBatis pageHelper  *********** 
10:22:05.272 [main] INFO  c.a.a.AgricultureApplication[logStartupProfileInfo] - The following profiles are active: dev
10:22:07.465 [main] INFO  c.a.a.config.DataBaseConfiguration[dataSource] - .............初始化 aosica-agriculture 数据..................
10:22:07.504 [main] INFO  c.a.a.config.DataBaseConfiguration[dataSource] - ............数据 aosica-agriculture 连接成功..................
10:22:08.822 [main] INFO  c.a.a.config.MybatisConfiguration[pageHelper] - ************ init MyBatis pageHelper  *********** 
10:22:10.053 [main] INFO  c.a.a.AgricultureApplication[logStarted] - Started AgricultureApplication in 6.866 seconds (JVM running for 7.339)
10:23:15.117 [main] INFO  c.a.a.AgricultureApplication[logStartupProfileInfo] - The following profiles are active: dev
10:23:17.257 [main] INFO  c.a.a.config.DataBaseConfiguration[dataSource] - .............初始化 aosica-agriculture 数据..................
10:23:17.298 [main] INFO  c.a.a.config.DataBaseConfiguration[dataSource] - ............数据 aosica-agriculture 连接成功..................
10:23:18.615 [main] INFO  c.a.a.config.MybatisConfiguration[pageHelper] - ************ init MyBatis pageHelper  *********** 
10:23:19.846 [main] INFO  c.a.a.AgricultureApplication[logStarted] - Started AgricultureApplication in 6.823 seconds (JVM running for 7.301)
10:24:30.622 [main] INFO  c.a.a.AgricultureApplication[logStartupProfileInfo] - The following profiles are active: dev
10:24:32.744 [main] INFO  c.a.a.config.DataBaseConfiguration[dataSource] - .............初始化 aosica-agriculture 数据..................
10:24:32.781 [main] INFO  c.a.a.config.DataBaseConfiguration[dataSource] - ............数据 aosica-agriculture 连接成功..................
10:24:34.098 [main] INFO  c.a.a.config.MybatisConfiguration[pageHelper] - ************ init MyBatis pageHelper  *********** 
10:24:35.567 [main] INFO  c.a.a.AgricultureApplication[logStarted] - Started AgricultureApplication in 6.991 seconds (JVM running for 7.462)
